#-----------------------------------------------------------
# Webtalk v2016.3 (64-bit)
# SW Build 1682563 on Mon Oct 10 19:07:27 MDT 2016
# 
# Start of session at: Tue Nov 15 09:53:41 2016
# Process ID: 18264
# Current directory: C:/Projects/Casioproject/project_1/project_1.sdk/webtalk
# Command line: wbtcv.exe -mode batch -source sdk_webtalk.tcl
# Log file: C:/Projects/Casioproject/project_1/project_1.sdk/webtalk/webtalk.log
# Journal file: C:/Projects/Casioproject/project_1/project_1.sdk/webtalk\webtalk.jou
#-----------------------------------------------------------
source sdk_webtalk.tcl
# webtalk_init -webtalk_dir C:\\Projects\\Casioproject\\project_1\\project_1.sdk\\webtalk
# webtalk_register_client -client project
# webtalk_add_data -client project -key date_generated -value "2016-11-15 09:53:40" -context "software_version_and_target_device"
# webtalk_add_data -client project -key product_version -value "SDK v2016.3" -context "software_version_and_target_device"
# webtalk_add_data -client project -key build_version -value "2016.3" -context "software_version_and_target_device"
# webtalk_add_data -client project -key os_platform -value "amd64" -context "software_version_and_target_device"
# webtalk_add_data -client project -key registration_id -value "211150773_0_0_144" -context "software_version_and_target_device"
# webtalk_add_data -client project -key tool_flow -value "SDK" -context "software_version_and_target_device"
# webtalk_add_data -client project -key beta -value "false" -context "software_version_and_target_device"
# webtalk_add_data -client project -key route_design -value "NA" -context "software_version_and_target_device"
# webtalk_add_data -client project -key target_family -value "NA" -context "software_version_and_target_device"
# webtalk_add_data -client project -key target_device -value "NA" -context "software_version_and_target_device"
# webtalk_add_data -client project -key target_package -value "NA" -context "software_version_and_target_device"
# webtalk_add_data -client project -key target_speed -value "NA" -context "software_version_and_target_device"
# webtalk_add_data -client project -key random_id -value "109svn61v5o69pa00p9lee0n12" -context "software_version_and_target_device"
# webtalk_add_data -client project -key project_id -value "2016.3_11" -context "software_version_and_target_device"
# webtalk_add_data -client project -key project_iteration -value "11" -context "software_version_and_target_device"
# webtalk_add_data -client project -key os_name -value "Microsoft Windows 8 or later , 64-bit" -context "user_environment"
# webtalk_add_data -client project -key os_release -value "major release  (build 9200)" -context "user_environment"
# webtalk_add_data -client project -key cpu_name -value "Intel(R) Core(TM) i7-6700HQ CPU @ 2.60GHz" -context "user_environment"
# webtalk_add_data -client project -key cpu_speed -value "2592 MHz" -context "user_environment"
# webtalk_add_data -client project -key total_processors -value "1" -context "user_environment"
# webtalk_add_data -client project -key system_ram -value "17.000 GB" -context "user_environment"
# webtalk_register_client -client sdk
# webtalk_add_data -client sdk -key uid -value "1479131774239" -context "sdk\\\\bsp/1479131774239"
# webtalk_add_data -client sdk -key hwid -value "1478709139222" -context "sdk\\\\bsp/1479131774239"
# webtalk_add_data -client sdk -key os -value "standalone" -context "sdk\\\\bsp/1479131774239"
# webtalk_add_data -client sdk -key apptemplate -value "hello_world" -context "sdk\\\\bsp/1479131774239"
# webtalk_add_data -client sdk -key RecordType -value "BSPCreation" -context "sdk\\\\bsp/1479131774239"
# webtalk_add_data -client sdk -key uid -value "1479131781546" -context "sdk\\\\application/1479131781546"
# webtalk_add_data -client sdk -key hwid -value "1478709139222" -context "sdk\\\\application/1479131781546"
# webtalk_add_data -client sdk -key bspid -value "1479131774239" -context "sdk\\\\application/1479131781546"
# webtalk_add_data -client sdk -key newbsp -value "true" -context "sdk\\\\application/1479131781546"
# webtalk_add_data -client sdk -key os -value "standalone" -context "sdk\\\\application/1479131781546"
# webtalk_add_data -client sdk -key apptemplate -value "hello_world" -context "sdk\\\\application/1479131781546"
# webtalk_add_data -client sdk -key RecordType -value "APPCreation" -context "sdk\\\\application/1479131781546"
# webtalk_add_data -client sdk -key LangUsed -value "C" -context "sdk\\\\application/1479131781546"
# webtalk_add_data -client sdk -key Procused -value "ps7_cortexa9" -context "sdk\\\\application/1479131781546"
# webtalk_add_data -client sdk -key uid -value "1479136781479" -context "sdk\\\\bsp/1479136781479"
# webtalk_add_data -client sdk -key hwid -value "1478709139222" -context "sdk\\\\bsp/1479136781479"
# webtalk_add_data -client sdk -key os -value "standalone" -context "sdk\\\\bsp/1479136781479"
# webtalk_add_data -client sdk -key apptemplate -value "empty_application" -context "sdk\\\\bsp/1479136781479"
# webtalk_add_data -client sdk -key RecordType -value "BSPCreation" -context "sdk\\\\bsp/1479136781479"
# webtalk_add_data -client sdk -key uid -value "1479136783953" -context "sdk\\\\application/1479136783953"
# webtalk_add_data -client sdk -key hwid -value "1478709139222" -context "sdk\\\\application/1479136783953"
# webtalk_add_data -client sdk -key bspid -value "1479136781479" -context "sdk\\\\application/1479136783953"
# webtalk_add_data -client sdk -key newbsp -value "true" -context "sdk\\\\application/1479136783953"
# webtalk_add_data -client sdk -key os -value "standalone" -context "sdk\\\\application/1479136783953"
# webtalk_add_data -client sdk -key apptemplate -value "empty_application" -context "sdk\\\\application/1479136783953"
# webtalk_add_data -client sdk -key RecordType -value "APPCreation" -context "sdk\\\\application/1479136783953"
# webtalk_add_data -client sdk -key LangUsed -value "C" -context "sdk\\\\application/1479136783953"
# webtalk_add_data -client sdk -key Procused -value "ps7_cortexa9" -context "sdk\\\\application/1479136783953"
# webtalk_add_data -client sdk -key projSize -value "208.0625" -context "sdk\\\\application/1479136783953"
# webtalk_add_data -client sdk -key uid -value "1479137091466" -context "sdk\\\\bsp/1479137091466"
# webtalk_add_data -client sdk -key hwid -value "1478709139222" -context "sdk\\\\bsp/1479137091466"
# webtalk_add_data -client sdk -key os -value "standalone" -context "sdk\\\\bsp/1479137091466"
# webtalk_add_data -client sdk -key apptemplate -value "hello_world" -context "sdk\\\\bsp/1479137091466"
# webtalk_add_data -client sdk -key RecordType -value "BSPCreation" -context "sdk\\\\bsp/1479137091466"
# webtalk_add_data -client sdk -key uid -value "1479137093752" -context "sdk\\\\application/1479137093752"
# webtalk_add_data -client sdk -key hwid -value "1478709139222" -context "sdk\\\\application/1479137093752"
# webtalk_add_data -client sdk -key bspid -value "1479137091466" -context "sdk\\\\application/1479137093752"
# webtalk_add_data -client sdk -key newbsp -value "true" -context "sdk\\\\application/1479137093752"
# webtalk_add_data -client sdk -key os -value "standalone" -context "sdk\\\\application/1479137093752"
# webtalk_add_data -client sdk -key apptemplate -value "hello_world" -context "sdk\\\\application/1479137093752"
# webtalk_add_data -client sdk -key RecordType -value "APPCreation" -context "sdk\\\\application/1479137093752"
# webtalk_add_data -client sdk -key LangUsed -value "C" -context "sdk\\\\application/1479137093752"
# webtalk_add_data -client sdk -key Procused -value "ps7_cortexa9" -context "sdk\\\\application/1479137093752"
# webtalk_add_data -client sdk -key projSize -value "175.30859375" -context "sdk\\\\application/1479137093752"
# webtalk_add_data -client sdk -key uid -value "1479197471741" -context "sdk\\\\bsp/1479197471741"
# webtalk_add_data -client sdk -key hwid -value "1478709139222" -context "sdk\\\\bsp/1479197471741"
# webtalk_add_data -client sdk -key os -value "standalone" -context "sdk\\\\bsp/1479197471741"
# webtalk_add_data -client sdk -key apptemplate -value "empty_application" -context "sdk\\\\bsp/1479197471741"
# webtalk_add_data -client sdk -key RecordType -value "BSPCreation" -context "sdk\\\\bsp/1479197471741"
# webtalk_add_data -client sdk -key uid -value "1479197477827" -context "sdk\\\\application/1479197477827"
# webtalk_add_data -client sdk -key hwid -value "1478709139222" -context "sdk\\\\application/1479197477827"
# webtalk_add_data -client sdk -key bspid -value "1479197471741" -context "sdk\\\\application/1479197477827"
# webtalk_add_data -client sdk -key newbsp -value "true" -context "sdk\\\\application/1479197477827"
# webtalk_add_data -client sdk -key os -value "standalone" -context "sdk\\\\application/1479197477827"
# webtalk_add_data -client sdk -key apptemplate -value "empty_application" -context "sdk\\\\application/1479197477827"
# webtalk_add_data -client sdk -key RecordType -value "APPCreation" -context "sdk\\\\application/1479197477827"
# webtalk_add_data -client sdk -key LangUsed -value "C" -context "sdk\\\\application/1479197477827"
# webtalk_add_data -client sdk -key Procused -value "ps7_cortexa9" -context "sdk\\\\application/1479197477827"
# webtalk_add_data -client sdk -key uid -value "NA" -context "sdk\\\\bsp/1479200020361"
# webtalk_add_data -client sdk -key RecordType -value "ToolUsage" -context "sdk\\\\bsp/1479200020361"
# webtalk_add_data -client sdk -key BootgenCount -value "0" -context "sdk\\\\bsp/1479200020361"
# webtalk_add_data -client sdk -key DebugCount -value "1" -context "sdk\\\\bsp/1479200020361"
# webtalk_add_data -client sdk -key PerfCount -value "0" -context "sdk\\\\bsp/1479200020361"
# webtalk_add_data -client sdk -key FlashCount -value "0" -context "sdk\\\\bsp/1479200020361"
# webtalk_add_data -client sdk -key CrossTriggCount -value "0" -context "sdk\\\\bsp/1479200020361"
# webtalk_add_data -client sdk -key QemuDebugCount -value "0" -context "sdk\\\\bsp/1479200020361"
# webtalk_transmit -clientid 3009029104 -regid "211150773_0_0_144" -xml C:\\Projects\\Casioproject\\project_1\\project_1.sdk\\webtalk\\usage_statistics_ext_sdk.xml -html C:\\Projects\\Casioproject\\project_1\\project_1.sdk\\webtalk\\usage_statistics_ext_sdk.html -wdm C:\\Projects\\Casioproject\\project_1\\project_1.sdk\\webtalk\\sdk_webtalk.wdm -intro "<H3>SDK Usage Report</H3><BR>"
# webtalk_terminate
INFO: [Common 17-206] Exiting Webtalk at Tue Nov 15 09:53:48 2016...
