#-----------------------------------------------------------
# Vivado v2016.2 (64-bit)
# SW Build 1577090 on Thu Jun  2 16:32:40 MDT 2016
# IP Build 1577682 on Fri Jun  3 12:00:54 MDT 2016
# Start of session at: Wed Nov 09 14:42:24 2016
# Process ID: 11700
# Current directory: C:/Users/taras/Documents/watch/Casio
# Command line: vivado.exe -gui_launcher_event rodinguilauncherevent11520 C:\Users\taras\Documents\watch\Casio\Casio.xpr
# Log file: C:/Users/taras/Documents/watch/Casio/vivado.log
# Journal file: C:/Users/taras/Documents/watch/Casio\vivado.jou
#-----------------------------------------------------------
start_gui
open_project C:/Users/taras/Documents/watch/Casio/Casio.xpr
INFO: [Project 1-313] Project file moved from 'C:/Projects/Casioproject/Casio' since last save.
Scanning sources...
Finished scanning sources
WARNING: [filemgmt 56-2] IPUserFilesDir: Could not find the directory 'C:/Users/taras/Documents/watch/Casio/Casio.ip_user_files', nor could it be found using path 'C:/Projects/Casioproject/Casio/Casio.ip_user_files'.
CRITICAL WARNING: [Project 1-505] Unrecognized Option Name DSANumComputeUnits
CRITICAL WARNING: [Project 1-505] Unrecognized Option Name XSimRadix
CRITICAL WARNING: [Project 1-505] Unrecognized Option Name XSimTimeUnit
CRITICAL WARNING: [Project 1-505] Unrecognized Option Name XSimArrayDisplayLimit
CRITICAL WARNING: [Project 1-505] Unrecognized Option Name XSimTraceLimit
WARNING: [Project 1-231] Project 'Casio.xpr' was created with a future version and may or may not perform reliably with this version of Vivado. It has been opened in read-only mode for the protection of unrecognized data. Use 'File | Save Project As...' if you wish to alter a copy of the project.
INFO: [IP_Flow 19-234] Refreshing IP repositories
INFO: [IP_Flow 19-2313] Loaded Vivado IP repository 'C:/Xilinx/Vivado/2016.2/data/ip'.
WARNING: [BD 41-1663] The design 'Casio_Design.bd' is locked for any modification. Locked reason(s):
* Project read-only. Please run 'save_project_as' before making any change to the bd-design. 

WARNING: [BD 41-1661] One or more IPs have been locked in the design 'Casio_Design.bd'. Please run report_ip_status for more details and recommendations on how to fix this issue.
List of locked IPs:
Casio_Design_axi_gpio_0_0
Casio_Design_processing_system7_0_0
Casio_Design_axi_timer_0_0
Casio_Design_axi_gpio_1_1
Casio_Design_xbar_0
Casio_Design_rst_ps7_0_100M_1
Casio_Design_auto_pc_0
Casio_Design_xlconcat_0_0

open_project: Time (s): cpu = 00:00:16 ; elapsed = 00:00:10 . Memory (MB): peak = 841.387 ; gain = 174.520
update_compile_order -fileset sources_1
INFO: [Vivado 12-4158] Exported Hardware file is out of date. Exported hardware information may be inconsistent with respect to the current state of the design. It is recommended that you re-export the design and launch SDK otherwise SDK is launched with out of date hardware system file.
launch_sdk -workspace C:/Users/taras/Documents/watch/Casio/Casio.sdk -hwspec C:/Users/taras/Documents/watch/Casio/Casio.sdk/Casio_Design_wrapper.hdf
INFO: [Vivado 12-393] Launching SDK...
INFO: [Vivado 12-417] Running xsdk -workspace C:/Users/taras/Documents/watch/Casio/Casio.sdk -hwspec C:/Users/taras/Documents/watch/Casio/Casio.sdk/Casio_Design_wrapper.hdf
ERROR: [Common 17-70] Application Exception: Not found in path: xsdk
INFO: [Vivado 12-4158] Exported Hardware file is out of date. Exported hardware information may be inconsistent with respect to the current state of the design. It is recommended that you re-export the design and launch SDK otherwise SDK is launched with out of date hardware system file.
launch_sdk -workspace C:/Users/taras/Documents/watch/Casio/Casio.sdk -hwspec C:/Users/taras/Documents/watch/Casio/Casio.sdk/Casio_Design_wrapper.hdf
INFO: [Vivado 12-393] Launching SDK...
INFO: [Vivado 12-417] Running xsdk -workspace C:/Users/taras/Documents/watch/Casio/Casio.sdk -hwspec C:/Users/taras/Documents/watch/Casio/Casio.sdk/Casio_Design_wrapper.hdf
ERROR: [Common 17-70] Application Exception: Not found in path: xsdk
exit
INFO: [Common 17-206] Exiting Vivado at Wed Nov 09 14:47:30 2016...
